-------------------------------------------------------------------------------
Test set: com.parkit.parkingsystem.FareCalculatorServiceTest
-------------------------------------------------------------------------------
Tests run: 9, Failures: 1, Errors: 0, Skipped: 0, Time elapsed: 1.833 s <<< FAILURE! - in com.parkit.parkingsystem.FareCalculatorServiceTest
checkLicencePlateNumberForFivePercentageDiscount  Time elapsed: 0.04 s  <<< FAILURE!
org.opentest4j.AssertionFailedError: expected: <1.06875> but was: <1.125>
	at com.parkit.parkingsystem.FareCalculatorServiceTest.checkLicencePlateNumberForFivePercentageDiscount(FareCalculatorServiceTest.java:176)

